Номер заказа: 149010258258d1293605384
Наименование тарифа: 
Имя: test
E-mail: anatoliy.yastrebinskiy@gmail.com
Телефон: +7 (910) 431-1202
Экран: Первый экран
Сайт: 
Цели: 

Номер заказа: 149010258258d1293605384
Наименование тарифа: 
Имя: test
E-mail: anatoliy.yastrebinskiy@gmail.com
Телефон: +7 (910) 431-1202
Экран: Первый экран
Сайт: 
Цели: 

Номер заказа: 149010280658d12a1677040
Наименование тарифа: 
Имя: test
E-mail: anatoliy.yastrebinskiy@gmail.com
Телефон: +7 (910) 431-1202
Экран: Первый экран
Сайт: 
Цели: 

